<?xml version="1.0" encoding="UTF-8"?>
<coverage generated="1321629717">
  <project timestamp="1321629717">
    <file name="/var/www/helloworld/src/Qwerty.php">
      <class name="Qwerty" namespace="global" fullPackage="bankaccount.model" package="bankaccount" subpackage="model">
        <metrics methods="2" coveredmethods="1" conditionals="0" coveredconditionals="0" statements="2" coveredstatements="1" elements="4" coveredelements="2"/>
      </class>
      <line num="8" type="method" name="returnQwerty" crap="1" count="1"/>
      <line num="9" type="stmt" count="1"/>
      <line num="11" type="method" name="returnEmpty" crap="2" count="0"/>
      <line num="12" type="stmt" count="0"/>
      <line num="17" type="stmt" count="0"/>
      <metrics loc="16" ncloc="12" classes="1" methods="2" coveredmethods="1" conditionals="0" coveredconditionals="0" statements="2" coveredstatements="1" elements="4" coveredelements="2"/>
    </file>
    <metrics files="1" loc="16" ncloc="12" classes="1" methods="2" coveredmethods="1" conditionals="0" coveredconditionals="0" statements="2" coveredstatements="1" elements="4" coveredelements="2"/>
  </project>
</coverage>
